<?xml version="1.0" encoding="UTF-8"?>
<!-- Generated by org.testng.reporters.JUnitXMLReporter -->
<testsuite ignored="0" hostname="Haruns-MacBook-Pro.local" failures="1" tests="6" name="Test" time="223.604" errors="0" timestamp="2020-01-12T13:18:10 CST">
  <testcase classname="com.class02.SoftAssertionDemo" name="@BeforeMethod open" time="78.67">
    <failure type="org.openqa.selenium.TimeoutException" message="timeout
  (Session info: chrome=79.0.3945.117)
Build info: version: &amp;apos;3.141.59&amp;apos;, revision: &amp;apos;e82be7d358&amp;apos;, time: &amp;apos;2018-11-14T08:25:48&amp;apos;
System info: host: &amp;apos;Haruns-MacBook-Pro.local&amp;apos;, ip: &amp;apos;192.168.30.127&amp;apos;, os.name: &amp;apos;Mac OS X&amp;apos;, os.arch: &amp;apos;x86_64&amp;apos;, os.version: &amp;apos;10.11.6&amp;apos;, java.version: &amp;apos;11.0.2&amp;apos;
Driver info: org.openqa.selenium.chrome.ChromeDriver
Capabilities {acceptInsecureCerts: false, browserName: chrome, browserVersion: 79.0.3945.117, chrome: {chromedriverVersion: 79.0.3945.36 (3582db32b3389..., userDataDir: /var/folders/72/fzy6fpvn60j...}, goog:chromeOptions: {debuggerAddress: localhost:59338}, javascriptEnabled: true, networkConnectionEnabled: false, pageLoadStrategy: normal, platform: MAC, platformName: MAC, proxy: Proxy(), setWindowRect: true, strictFileInteractability: false, timeouts: {implicit: 0, pageLoad: 300000, script: 30000}, unhandledPromptBehavior: dismiss and notify}
Session ID: 3cb76b9bdd6f060979c4a17f861bbe47">
      <![CDATA[org.openqa.selenium.TimeoutException: timeout
  (Session info: chrome=79.0.3945.117)
Build info: version: '3.141.59', revision: 'e82be7d358', time: '2018-11-14T08:25:48'
System info: host: 'Haruns-MacBook-Pro.local', ip: '192.168.30.127', os.name: 'Mac OS X', os.arch: 'x86_64', os.version: '10.11.6', java.version: '11.0.2'
Driver info: org.openqa.selenium.chrome.ChromeDriver
Capabilities {acceptInsecureCerts: false, browserName: chrome, browserVersion: 79.0.3945.117, chrome: {chromedriverVersion: 79.0.3945.36 (3582db32b3389..., userDataDir: /var/folders/72/fzy6fpvn60j...}, goog:chromeOptions: {debuggerAddress: localhost:59338}, javascriptEnabled: true, networkConnectionEnabled: false, pageLoadStrategy: normal, platform: MAC, platformName: MAC, proxy: Proxy(), setWindowRect: true, strictFileInteractability: false, timeouts: {implicit: 0, pageLoad: 300000, script: 30000}, unhandledPromptBehavior: dismiss and notify}
Session ID: 3cb76b9bdd6f060979c4a17f861bbe47
at org.openqa.selenium.remote.http.W3CHttpResponseCodec.createException(W3CHttpResponseCodec.java:187)
at org.openqa.selenium.remote.http.W3CHttpResponseCodec.decode(W3CHttpResponseCodec.java:122)
at org.openqa.selenium.remote.http.W3CHttpResponseCodec.decode(W3CHttpResponseCodec.java:49)
at org.openqa.selenium.remote.HttpCommandExecutor.execute(HttpCommandExecutor.java:158)
at org.openqa.selenium.remote.service.DriverCommandExecutor.execute(DriverCommandExecutor.java:83)
at org.openqa.selenium.remote.RemoteWebDriver.execute(RemoteWebDriver.java:552)
at org.openqa.selenium.remote.RemoteWebDriver.get(RemoteWebDriver.java:277)
at Utils.CommonMethods.setUp(CommonMethods.java:41)
at com.class02.SoftAssertionDemo.open(SoftAssertionDemo.java:22)
at java.base/java.util.ArrayList.forEach(ArrayList.java:1540)
... Removed 35 stack frames]]>
    </failure>
  </testcase> <!-- @BeforeMethod open -->
  <testcase classname="com.class02.SoftAssertionDemo" name="@AfterMethod tearDown" time="-1.578856545136E9">
    <skipped/>
  </testcase> <!-- @AfterMethod tearDown -->
  <testcase classname="com.class02.SoftAssertionDemo" name="logoAndLogin" time="0.0">
    <skipped/>
  </testcase> <!-- logoAndLogin -->
  <testcase classname="com.class02.AssertionsDemo" name="logoValidation" time="0.922"/>
  <testcase classname="com.class02.AssertionsDemo" name="titleValidation" time="0.037">
    <failure type="java.lang.AssertionError" message="Titles are NOT matched expected [Human Management Systems] but found [Human Management System]">
      <![CDATA[java.lang.AssertionError: Titles are NOT matched expected [Human Management Systems] but found [Human Management System]
at com.class02.AssertionsDemo.titleValidation(AssertionsDemo.java:22)
at java.base/java.util.ArrayList.forEach(ArrayList.java:1540)
... Removed 31 stack frames]]>
    </failure>
  </testcase> <!-- titleValidation -->
  <testcase classname="com.class01.TitleLogoAndLoginVerification" name="logoValidation" time="0.098"/>
  <testcase classname="com.class01.TitleLogoAndLoginVerification" name="titleValidation" time="0.043"/>
  <testcase classname="com.class01.TitleLogoAndLoginVerification" name="validLogin" time="9.878"/>
</testsuite> <!-- Test -->
