<html>
<head>
<title>TestNG:  Test</title>
<link href="../testng.css" rel="stylesheet" type="text/css" />
<link href="../my-testng.css" rel="stylesheet" type="text/css" />

<style type="text/css">
.log { display: none;} 
.stack-trace { display: none;} 
</style>
<script type="text/javascript">
<!--
function flip(e) {
  current = e.style.display;
  if (current == 'block') {
    e.style.display = 'none';
    return 0;
  }
  else {
    e.style.display = 'block';
    return 1;
  }
}

function toggleBox(szDivId, elem, msg1, msg2)
{
  var res = -1;  if (document.getElementById) {
    res = flip(document.getElementById(szDivId));
  }
  else if (document.all) {
    // this is the way old msie versions work
    res = flip(document.all[szDivId]);
  }
  if(elem) {
    if(res == 0) elem.innerHTML = msg1; else elem.innerHTML = msg2;
  }

}

function toggleAllBoxes() {
  if (document.getElementsByTagName) {
    d = document.getElementsByTagName('div');
    for (i = 0; i < d.length; i++) {
      if (d[i].className == 'log') {
        flip(d[i]);
      }
    }
  }
}

// -->
</script>

</head>
<body>
<h2 align='center'>Test</h2><table border='1' align="center">
<tr>
<td>Tests passed/Failed/Skipped:</td><td>20/3/0</td>
</tr><tr>
<td>Started on:</td><td>Tue Jan 14 22:36:04 CST 2020</td>
</tr>
<tr><td>Total time:</td><td>72 seconds (72475 ms)</td>
</tr><tr>
<td>Included groups:</td><td></td>
</tr><tr>
<td>Excluded groups:</td><td></td>
</tr>
</table><p/>
<small><i>(Hover the method name to see the test class name)</i></small><p/>
<table width='100%' border='1' class='invocation-failed'>
<tr><td colspan='4' align='center'><b>FAILED TESTS</b></td></tr>
<tr><td><b>Test method</b></td>
<td width="30%"><b>Exception</b></td>
<td width="10%"><b>Time (seconds)</b></td>
<td><b>Instance</b></td>
</tr>
<tr>
<td title='com.class03.DataProviderDemo.login()'><b>login</b><br>Test class: com.class03.DataProviderDemo<br>Parameters: Syntax, Syntax123!</td>
<td><div><pre>org.openqa.selenium.NoSuchElementException: Cannot locate an element using id=welcome
For documentation on this error, please visit: https://www.seleniumhq.org/exceptions/no_such_element.html
Build info: version: &apos;3.141.59&apos;, revision: &apos;e82be7d358&apos;, time: &apos;2018-11-14T08:25:48&apos;
System info: host: &apos;Haruns-MBP.lan1&apos;, ip: &apos;192.168.1.20&apos;, os.name: &apos;Mac OS X&apos;, os.arch: &apos;x86_64&apos;, os.version: &apos;10.11.6&apos;, java.version: &apos;11.0.2&apos;
Driver info: driver.version: RemoteWebDriver
	at org.openqa.selenium.remote.RemoteWebDriver.findElement(RemoteWebDriver.java:327)
	at org.openqa.selenium.remote.RemoteWebDriver.findElementById(RemoteWebDriver.java:372)
	at org.openqa.selenium.By$ById.findElement(By.java:188)
	at org.openqa.selenium.remote.RemoteWebDriver.findElement(RemoteWebDriver.java:315)
	at com.class03.DataProviderDemo.login(DataProviderDemo.java:31)
	at java.base/java.util.ArrayList.forEach(ArrayList.java:1540)
... Removed 27 stack frames</pre></div><a href='#' onClick='toggleBox("stack-trace452457802", this, "Click to show all stack frames", "Click to hide stack frames")'>Click to show all stack frames</a>
<div class='stack-trace' id='stack-trace452457802'><pre>org.openqa.selenium.NoSuchElementException: Cannot locate an element using id=welcome
For documentation on this error, please visit: https://www.seleniumhq.org/exceptions/no_such_element.html
Build info: version: &apos;3.141.59&apos;, revision: &apos;e82be7d358&apos;, time: &apos;2018-11-14T08:25:48&apos;
System info: host: &apos;Haruns-MBP.lan1&apos;, ip: &apos;192.168.1.20&apos;, os.name: &apos;Mac OS X&apos;, os.arch: &apos;x86_64&apos;, os.version: &apos;10.11.6&apos;, java.version: &apos;11.0.2&apos;
Driver info: driver.version: RemoteWebDriver
	at org.openqa.selenium.remote.RemoteWebDriver.findElement(RemoteWebDriver.java:327)
	at org.openqa.selenium.remote.RemoteWebDriver.findElementById(RemoteWebDriver.java:372)
	at org.openqa.selenium.By$ById.findElement(By.java:188)
	at org.openqa.selenium.remote.RemoteWebDriver.findElement(RemoteWebDriver.java:315)
	at com.class03.DataProviderDemo.login(DataProviderDemo.java:31)
	at java.base/jdk.internal.reflect.NativeMethodAccessorImpl.invoke0(Native Method)
	at java.base/jdk.internal.reflect.NativeMethodAccessorImpl.invoke(NativeMethodAccessorImpl.java:62)
	at java.base/jdk.internal.reflect.DelegatingMethodAccessorImpl.invoke(DelegatingMethodAccessorImpl.java:43)
	at java.base/java.lang.reflect.Method.invoke(Method.java:566)
	at org.testng.internal.MethodInvocationHelper.invokeMethod(MethodInvocationHelper.java:133)
	at org.testng.internal.TestInvoker.invokeMethod(TestInvoker.java:584)
	at org.testng.internal.TestInvoker.invokeTestMethod(TestInvoker.java:172)
	at org.testng.internal.MethodRunner.runInSequence(MethodRunner.java:46)
	at org.testng.internal.TestInvoker$MethodInvocationAgent.invoke(TestInvoker.java:804)
	at org.testng.internal.TestInvoker.invokeTestMethods(TestInvoker.java:145)
	at org.testng.internal.TestMethodWorker.invokeTestMethods(TestMethodWorker.java:146)
	at org.testng.internal.TestMethodWorker.run(TestMethodWorker.java:128)
	at java.base/java.util.ArrayList.forEach(ArrayList.java:1540)
	at org.testng.TestRunner.privateRun(TestRunner.java:770)
	at org.testng.TestRunner.run(TestRunner.java:591)
	at org.testng.SuiteRunner.runTest(SuiteRunner.java:402)
	at org.testng.SuiteRunner.runSequentially(SuiteRunner.java:396)
	at org.testng.SuiteRunner.privateRun(SuiteRunner.java:355)
	at org.testng.SuiteRunner.run(SuiteRunner.java:304)
	at org.testng.SuiteRunnerWorker.runSuite(SuiteRunnerWorker.java:53)
	at org.testng.SuiteRunnerWorker.run(SuiteRunnerWorker.java:96)
	at org.testng.TestNG.runSuitesSequentially(TestNG.java:1180)
	at org.testng.TestNG.runSuitesLocally(TestNG.java:1102)
	at org.testng.TestNG.runSuites(TestNG.java:1032)
	at org.testng.TestNG.run(TestNG.java:1000)
	at org.testng.remote.AbstractRemoteTestNG.run(AbstractRemoteTestNG.java:115)
	at org.testng.remote.RemoteTestNG.initAndRun(RemoteTestNG.java:251)
	at org.testng.remote.RemoteTestNG.main(RemoteTestNG.java:77)
</pre></div></td>
<td>7</td>
<td>com.class03.DataProviderDemo@1018bde2</td></tr>
<tr>
<td title='com.class02.SoftAssertionDemo.logoAndLogin()'><b>logoAndLogin</b><br>Test class: com.class02.SoftAssertionDemo</td>
<td><div><pre>java.lang.AssertionError: The following asserts failed:
	Logo is NOT displayed did not expect to find [true] but found [false]
	at com.class02.SoftAssertionDemo.logoAndLogin(SoftAssertionDemo.java:42)
	at java.base/java.util.ArrayList.forEach(ArrayList.java:1540)
... Removed 29 stack frames</pre></div><a href='#' onClick='toggleBox("stack-trace1492219097", this, "Click to show all stack frames", "Click to hide stack frames")'>Click to show all stack frames</a>
<div class='stack-trace' id='stack-trace1492219097'><pre>java.lang.AssertionError: The following asserts failed:
	Logo is NOT displayed did not expect to find [true] but found [false]
	at org.testng.asserts.SoftAssert.assertAll(SoftAssert.java:47)
	at org.testng.asserts.SoftAssert.assertAll(SoftAssert.java:31)
	at com.class02.SoftAssertionDemo.logoAndLogin(SoftAssertionDemo.java:42)
	at java.base/jdk.internal.reflect.NativeMethodAccessorImpl.invoke0(Native Method)
	at java.base/jdk.internal.reflect.NativeMethodAccessorImpl.invoke(NativeMethodAccessorImpl.java:62)
	at java.base/jdk.internal.reflect.DelegatingMethodAccessorImpl.invoke(DelegatingMethodAccessorImpl.java:43)
	at java.base/java.lang.reflect.Method.invoke(Method.java:566)
	at org.testng.internal.MethodInvocationHelper.invokeMethod(MethodInvocationHelper.java:133)
	at org.testng.internal.TestInvoker.invokeMethod(TestInvoker.java:584)
	at org.testng.internal.TestInvoker.invokeTestMethod(TestInvoker.java:172)
	at org.testng.internal.MethodRunner.runInSequence(MethodRunner.java:46)
	at org.testng.internal.TestInvoker$MethodInvocationAgent.invoke(TestInvoker.java:804)
	at org.testng.internal.TestInvoker.invokeTestMethods(TestInvoker.java:145)
	at org.testng.internal.TestMethodWorker.invokeTestMethods(TestMethodWorker.java:146)
	at org.testng.internal.TestMethodWorker.run(TestMethodWorker.java:128)
	at java.base/java.util.ArrayList.forEach(ArrayList.java:1540)
	at org.testng.TestRunner.privateRun(TestRunner.java:770)
	at org.testng.TestRunner.run(TestRunner.java:591)
	at org.testng.SuiteRunner.runTest(SuiteRunner.java:402)
	at org.testng.SuiteRunner.runSequentially(SuiteRunner.java:396)
	at org.testng.SuiteRunner.privateRun(SuiteRunner.java:355)
	at org.testng.SuiteRunner.run(SuiteRunner.java:304)
	at org.testng.SuiteRunnerWorker.runSuite(SuiteRunnerWorker.java:53)
	at org.testng.SuiteRunnerWorker.run(SuiteRunnerWorker.java:96)
	at org.testng.TestNG.runSuitesSequentially(TestNG.java:1180)
	at org.testng.TestNG.runSuitesLocally(TestNG.java:1102)
	at org.testng.TestNG.runSuites(TestNG.java:1032)
	at org.testng.TestNG.run(TestNG.java:1000)
	at org.testng.remote.AbstractRemoteTestNG.run(AbstractRemoteTestNG.java:115)
	at org.testng.remote.RemoteTestNG.initAndRun(RemoteTestNG.java:251)
	at org.testng.remote.RemoteTestNG.main(RemoteTestNG.java:77)
</pre></div></td>
<td>2</td>
<td>com.class02.SoftAssertionDemo@2f54a33d</td></tr>
<tr>
<td title='com.class02.AssertionsDemo.titleValidation()'><b>titleValidation</b><br>Test class: com.class02.AssertionsDemo</td>
<td><div><pre>java.lang.AssertionError: Titles are NOT matched expected [Human Management Systems] but found [Human Management System]
	at com.class02.AssertionsDemo.titleValidation(AssertionsDemo.java:22)
	at java.base/java.util.ArrayList.forEach(ArrayList.java:1540)
... Removed 31 stack frames</pre></div><a href='#' onClick='toggleBox("stack-trace428798670", this, "Click to show all stack frames", "Click to hide stack frames")'>Click to show all stack frames</a>
<div class='stack-trace' id='stack-trace428798670'><pre>java.lang.AssertionError: Titles are NOT matched expected [Human Management Systems] but found [Human Management System]
	at org.testng.Assert.fail(Assert.java:97)
	at org.testng.Assert.assertEqualsImpl(Assert.java:136)
	at org.testng.Assert.assertEquals(Assert.java:118)
	at org.testng.Assert.assertEquals(Assert.java:575)
	at com.class02.AssertionsDemo.titleValidation(AssertionsDemo.java:22)
	at java.base/jdk.internal.reflect.NativeMethodAccessorImpl.invoke0(Native Method)
	at java.base/jdk.internal.reflect.NativeMethodAccessorImpl.invoke(NativeMethodAccessorImpl.java:62)
	at java.base/jdk.internal.reflect.DelegatingMethodAccessorImpl.invoke(DelegatingMethodAccessorImpl.java:43)
	at java.base/java.lang.reflect.Method.invoke(Method.java:566)
	at org.testng.internal.MethodInvocationHelper.invokeMethod(MethodInvocationHelper.java:133)
	at org.testng.internal.TestInvoker.invokeMethod(TestInvoker.java:584)
	at org.testng.internal.TestInvoker.invokeTestMethod(TestInvoker.java:172)
	at org.testng.internal.MethodRunner.runInSequence(MethodRunner.java:46)
	at org.testng.internal.TestInvoker$MethodInvocationAgent.invoke(TestInvoker.java:804)
	at org.testng.internal.TestInvoker.invokeTestMethods(TestInvoker.java:145)
	at org.testng.internal.TestMethodWorker.invokeTestMethods(TestMethodWorker.java:146)
	at org.testng.internal.TestMethodWorker.run(TestMethodWorker.java:128)
	at java.base/java.util.ArrayList.forEach(ArrayList.java:1540)
	at org.testng.TestRunner.privateRun(TestRunner.java:770)
	at org.testng.TestRunner.run(TestRunner.java:591)
	at org.testng.SuiteRunner.runTest(SuiteRunner.java:402)
	at org.testng.SuiteRunner.runSequentially(SuiteRunner.java:396)
	at org.testng.SuiteRunner.privateRun(SuiteRunner.java:355)
	at org.testng.SuiteRunner.run(SuiteRunner.java:304)
	at org.testng.SuiteRunnerWorker.runSuite(SuiteRunnerWorker.java:53)
	at org.testng.SuiteRunnerWorker.run(SuiteRunnerWorker.java:96)
	at org.testng.TestNG.runSuitesSequentially(TestNG.java:1180)
	at org.testng.TestNG.runSuitesLocally(TestNG.java:1102)
	at org.testng.TestNG.runSuites(TestNG.java:1032)
	at org.testng.TestNG.run(TestNG.java:1000)
	at org.testng.remote.AbstractRemoteTestNG.run(AbstractRemoteTestNG.java:115)
	at org.testng.remote.RemoteTestNG.initAndRun(RemoteTestNG.java:251)
	at org.testng.remote.RemoteTestNG.main(RemoteTestNG.java:77)
</pre></div></td>
<td>0</td>
<td>com.class02.AssertionsDemo@60015ef5</td></tr>
</table><p>
<table width='100%' border='1' class='invocation-passed'>
<tr><td colspan='4' align='center'><b>PASSED TESTS</b></td></tr>
<tr><td><b>Test method</b></td>
<td width="30%"><b>Exception</b></td>
<td width="10%"><b>Time (seconds)</b></td>
<td><b>Instance</b></td>
</tr>
<tr>
<td title='com.class03.DataProviderDemo.login()'><b>login</b><br>Test class: com.class03.DataProviderDemo<br>Parameters: Admin, Hum@nhrm123</td>
<td></td>
<td>8</td>
<td>com.class03.DataProviderDemo@1018bde2</td></tr>
<tr>
<td title='com.class03.DataProviderDemo.login()'><b>login</b><br>Test class: com.class03.DataProviderDemo<br>Parameters: SyntaxUser, Syntax123!</td>
<td></td>
<td>8</td>
<td>com.class03.DataProviderDemo@1018bde2</td></tr>
<tr>
<td title='com.class02.AssertionsDemo.logoValidation()'><b>logoValidation</b><br>Test class: com.class02.AssertionsDemo</td>
<td></td>
<td>0</td>
<td>com.class02.AssertionsDemo@60015ef5</td></tr>
<tr>
<td title='com.class01.TitleLogoAndLoginVerification.logoValidation()'><b>logoValidation</b><br>Test class: com.class01.TitleLogoAndLoginVerification</td>
<td></td>
<td>0</td>
<td>com.class01.TitleLogoAndLoginVerification@55740540</td></tr>
<tr>
<td title='com.class01.HW1.logoValidation()'><b>logoValidation</b><br>Test class: com.class01.HW1</td>
<td></td>
<td>0</td>
<td>com.class01.HW1@7c83dc97</td></tr>
<tr>
<td title='com.class01.Task.myFirstTest()'><b>myFirstTest</b><br>Test class: com.class01.Task</td>
<td></td>
<td>0</td>
<td>com.class01.Task@7748410a</td></tr>
<tr>
<td title='com.class01.Task.myLastTest()'><b>myLastTest</b><br>Test class: com.class01.Task</td>
<td></td>
<td>0</td>
<td>com.class01.Task@7748410a</td></tr>
<tr>
<td title='com.class01.Task.mySecondTest()'><b>mySecondTest</b><br>Test class: com.class01.Task</td>
<td></td>
<td>0</td>
<td>com.class01.Task@7748410a</td></tr>
<tr>
<td title='com.class01.DifferentAnnotations.test()'><b>test</b><br>Test class: com.class01.DifferentAnnotations</td>
<td></td>
<td>0</td>
<td>com.class01.DifferentAnnotations@484970b0</td></tr>
<tr>
<td title='com.class01.TaskAnnotations.testA1()'><b>testA1</b><br>Test class: com.class01.TaskAnnotations</td>
<td></td>
<td>0</td>
<td>com.class01.TaskAnnotations@740773a3</td></tr>
<tr>
<td title='com.class03.AlwaysRun.testMethod()'><b>testMethod</b><br>Test class: com.class03.AlwaysRun</td>
<td></td>
<td>0</td>
<td>com.class03.AlwaysRun@4470f8a6</td></tr>
<tr>
<td title='com.class03.AlwaysRun.testMethod1()'><b>testMethod1</b><br>Test class: com.class03.AlwaysRun</td>
<td></td>
<td>0</td>
<td>com.class03.AlwaysRun@4470f8a6</td></tr>
<tr>
<td title='com.class01.TestNGDemo.testOne()'><b>testOne</b><br>Test class: com.class01.TestNGDemo</td>
<td></td>
<td>0</td>
<td>com.class01.TestNGDemo@37f1104d</td></tr>
<tr>
<td title='com.class01.TestNGDemo.testThree()'><b>testThree</b><br>Test class: com.class01.TestNGDemo</td>
<td></td>
<td>0</td>
<td>com.class01.TestNGDemo@37f1104d</td></tr>
<tr>
<td title='com.class01.TestNGDemo.testTwo()'><b>testTwo</b><br>Test class: com.class01.TestNGDemo</td>
<td></td>
<td>0</td>
<td>com.class01.TestNGDemo@37f1104d</td></tr>
<tr>
<td title='com.class01.TaskAnnotations.testZ9()'><b>testZ9</b><br>Test class: com.class01.TaskAnnotations</td>
<td></td>
<td>0</td>
<td>com.class01.TaskAnnotations@740773a3</td></tr>
<tr>
<td title='com.class03.Groups.titleValidation()'><b>titleValidation</b><br>Test class: com.class03.Groups</td>
<td></td>
<td>0</td>
<td>com.class03.Groups@65b3f4a4</td></tr>
<tr>
<td title='com.class01.TitleLogoAndLoginVerification.titleValidation()'><b>titleValidation</b><br>Test class: com.class01.TitleLogoAndLoginVerification</td>
<td></td>
<td>0</td>
<td>com.class01.TitleLogoAndLoginVerification@55740540</td></tr>
<tr>
<td title='com.class03.Groups.validLogin()'><b>validLogin</b><br>Test class: com.class03.Groups</td>
<td></td>
<td>2</td>
<td>com.class03.Groups@65b3f4a4</td></tr>
<tr>
<td title='com.class01.TitleLogoAndLoginVerification.validLogin()'><b>validLogin</b><br>Test class: com.class01.TitleLogoAndLoginVerification</td>
<td></td>
<td>1</td>
<td>com.class01.TitleLogoAndLoginVerification@55740540</td></tr>
</table><p>
</body>
</html>