<?xml version="1.0" encoding="UTF-8"?>
<!-- Generated by org.testng.reporters.JUnitXMLReporter -->
<testsuite ignored="1" hostname="Haruns-MBP.lan1" failures="3" tests="23" name="Test" time="72.475" errors="0" timestamp="2020-01-14T22:37:17 CST">
  <testcase classname="com.class03.DataProviderDemo" name="login" time="8.08"/>
  <testcase classname="com.class03.DataProviderDemo" name="login" time="7.315">
    <failure type="org.openqa.selenium.NoSuchElementException" message="Cannot locate an element using id=welcome
For documentation on this error, please visit: https://www.seleniumhq.org/exceptions/no_such_element.html
Build info: version: &amp;apos;3.141.59&amp;apos;, revision: &amp;apos;e82be7d358&amp;apos;, time: &amp;apos;2018-11-14T08:25:48&amp;apos;
System info: host: &amp;apos;Haruns-MBP.lan1&amp;apos;, ip: &amp;apos;192.168.1.20&amp;apos;, os.name: &amp;apos;Mac OS X&amp;apos;, os.arch: &amp;apos;x86_64&amp;apos;, os.version: &amp;apos;10.11.6&amp;apos;, java.version: &amp;apos;11.0.2&amp;apos;
Driver info: driver.version: RemoteWebDriver">
      <![CDATA[org.openqa.selenium.NoSuchElementException: Cannot locate an element using id=welcome
For documentation on this error, please visit: https://www.seleniumhq.org/exceptions/no_such_element.html
Build info: version: '3.141.59', revision: 'e82be7d358', time: '2018-11-14T08:25:48'
System info: host: 'Haruns-MBP.lan1', ip: '192.168.1.20', os.name: 'Mac OS X', os.arch: 'x86_64', os.version: '10.11.6', java.version: '11.0.2'
Driver info: driver.version: RemoteWebDriver
at org.openqa.selenium.remote.RemoteWebDriver.findElement(RemoteWebDriver.java:327)
at org.openqa.selenium.remote.RemoteWebDriver.findElementById(RemoteWebDriver.java:372)
at org.openqa.selenium.By$ById.findElement(By.java:188)
at org.openqa.selenium.remote.RemoteWebDriver.findElement(RemoteWebDriver.java:315)
at com.class03.DataProviderDemo.login(DataProviderDemo.java:31)
at java.base/java.util.ArrayList.forEach(ArrayList.java:1540)
... Removed 27 stack frames]]>
    </failure>
  </testcase> <!-- login -->
  <testcase classname="com.class03.DataProviderDemo" name="login" time="8.25"/>
  <testcase classname="com.class01.Task" name="myFirstTest" time="0.001"/>
  <testcase classname="com.class01.Task" name="myLastTest" time="0.002"/>
  <testcase classname="com.class01.Task" name="mySecondTest" time="0.003"/>
  <testcase classname="com.class02.SoftAssertionDemo" name="logoAndLogin" time="2.398">
    <failure type="java.lang.AssertionError" message="The following asserts failed:
	Logo is NOT displayed did not expect to find [true] but found [false]">
      <![CDATA[java.lang.AssertionError: The following asserts failed:
Logo is NOT displayed did not expect to find [true] but found [false]
at com.class02.SoftAssertionDemo.logoAndLogin(SoftAssertionDemo.java:42)
at java.base/java.util.ArrayList.forEach(ArrayList.java:1540)
... Removed 29 stack frames]]>
    </failure>
  </testcase> <!-- logoAndLogin -->
  <testcase classname="com.class01.DifferentAnnotations" name="test" time="0.001"/>
  <testcase classname="com.class02.AssertionsDemo" name="logoValidation" time="0.057"/>
  <testcase classname="com.class02.AssertionsDemo" name="titleValidation" time="0.01">
    <failure type="java.lang.AssertionError" message="Titles are NOT matched expected [Human Management Systems] but found [Human Management System]">
      <![CDATA[java.lang.AssertionError: Titles are NOT matched expected [Human Management Systems] but found [Human Management System]
at com.class02.AssertionsDemo.titleValidation(AssertionsDemo.java:22)
at java.base/java.util.ArrayList.forEach(ArrayList.java:1540)
... Removed 31 stack frames]]>
    </failure>
  </testcase> <!-- titleValidation -->
  <testcase classname="com.class03.AlwaysRun" name="testMethod" time="0.002"/>
  <testcase classname="com.class03.AlwaysRun" name="testMethod1" time="0.001"/>
  <testcase classname="com.class03.Groups" name="titleValidation" time="0.015"/>
  <testcase classname="com.class03.Groups" name="validLogin" time="2.106"/>
  <testcase classname="com.class01.TaskAnnotations" name="testA1" time="0.002"/>
  <testcase classname="com.class01.TaskAnnotations" name="testZ9" time="0.001"/>
  <testcase classname="com.class01.TestNGDemo" name="testOne" time="0.001"/>
  <testcase classname="com.class01.TestNGDemo" name="testThree" time="0.001"/>
  <testcase classname="com.class01.TestNGDemo" name="testTwo" time="0.001"/>
  <testcase classname="com.class01.TitleLogoAndLoginVerification" name="logoValidation" time="0.058"/>
  <testcase classname="com.class01.TitleLogoAndLoginVerification" name="titleValidation" time="0.009"/>
  <testcase classname="com.class01.TitleLogoAndLoginVerification" name="validLogin" time="1.906"/>
  <testcase classname="com.class01.HW1" name="logoValidation" time="0.069"/>
  <testcase classname="com.class01.HW1" name="validLogin" time="0.0">
    <ignored/>
  </testcase> <!-- validLogin -->
</testsuite> <!-- Test -->
